\BOOKMARK [1][-]{section.1}{\376\377\000O\000b\000j\000e\000c\000t\000i\000v\000e}{}% 1
\BOOKMARK [1][-]{section.2}{\376\377\000T\000h\000e\000o\000r\000y}{}% 2
\BOOKMARK [1][-]{section.3}{\376\377\000E\000x\000p\000e\000r\000i\000m\000e\000n\000t\000a\000l\000\040\000m\000e\000t\000h\000o\000d\000\040\000a\000n\000d\000\040\000r\000e\000a\000s\000o\000n\000i\000n\000g}{}% 3
\BOOKMARK [2][-]{subsection.3.1}{\376\377\000P\000a\000r\000t\000\040\0001\000:\000\040\000P\000N\000P\000\040\000i\000n\000\040\000A\000c\000t\000i\000v\000e\000\040\000M\000o\000d\000e}{section.3}% 4
\BOOKMARK [2][-]{subsection.3.2}{\376\377\000P\000a\000r\000t\000\040\0002\000:\000\040\000P\000N\000P\000\040\000i\000n\000\040\000S\000a\000t\000u\000r\000a\000t\000i\000o\000n\000\040\000M\000o\000d\000e}{section.3}% 5
\BOOKMARK [2][-]{subsection.3.3}{\376\377\000P\000a\000r\000t\000\040\0003\000:\000\040\000D\000i\000o\000d\000e\000-\000C\000o\000n\000n\000e\000c\000t\000e\000d\000\040\000P\000N\000P}{section.3}% 6
\BOOKMARK [1][-]{section.4}{\376\377\000R\000e\000s\000u\000l\000t\000s\000\040\000a\000n\000d\000\040\000C\000o\000n\000c\000l\000u\000s\000i\000o\000n\000s\000\040\000\050\000D\000i\000s\000c\000u\000s\000s\000i\000o\000n\000\051}{}% 7
\BOOKMARK [2][-]{subsection.4.1}{\376\377\000P\000a\000r\000t\000\040\0001\000:\000\040\000A\000c\000t\000i\000v\000e\000\040\000M\000o\000d\000e\000\040\000R\000e\000s\000u\000l\000t\000s}{section.4}% 8
\BOOKMARK [3][-]{subsubsection.4.1.1}{\376\377\000H\000a\000n\000d\000\040\000C\000a\000l\000c\000u\000l\000a\000t\000i\000o\000n\000s}{subsection.4.1}% 9
\BOOKMARK [3][-]{subsubsection.4.1.2}{\376\377\000S\000i\000m\000u\000l\000a\000t\000i\000o\000n\000\040\000R\000e\000s\000u\000l\000t\000s}{subsection.4.1}% 10
\BOOKMARK [3][-]{subsubsection.4.1.3}{\376\377\000M\000e\000a\000s\000u\000r\000e\000m\000e\000n\000t\000\040\000D\000a\000t\000a}{subsection.4.1}% 11
\BOOKMARK [3][-]{subsubsection.4.1.4}{\376\377\000C\000o\000m\000p\000a\000r\000i\000s\000o\000n\000\040\000o\000f\000\040\000R\000e\000s\000u\000l\000t\000s\000\040\000\050\000P\000a\000r\000t\000\040\0001\000\051}{subsection.4.1}% 12
\BOOKMARK [2][-]{subsection.4.2}{\376\377\000P\000a\000r\000t\000\040\0002\000:\000\040\000S\000a\000t\000u\000r\000a\000t\000i\000o\000n\000\040\000M\000o\000d\000e\000\040\000R\000e\000s\000u\000l\000t\000s}{section.4}% 13
\BOOKMARK [3][-]{subsubsection.4.2.1}{\376\377\000H\000a\000n\000d\000\040\000C\000a\000l\000c\000u\000l\000a\000t\000i\000o\000n\000s}{subsection.4.2}% 14
\BOOKMARK [3][-]{subsubsection.4.2.2}{\376\377\000S\000i\000m\000u\000l\000a\000t\000i\000o\000n\000\040\000R\000e\000s\000u\000l\000t\000s}{subsection.4.2}% 15
\BOOKMARK [3][-]{subsubsection.4.2.3}{\376\377\000M\000e\000a\000s\000u\000r\000e\000m\000e\000n\000t\000\040\000D\000a\000t\000a}{subsection.4.2}% 16
\BOOKMARK [3][-]{subsubsection.4.2.4}{\376\377\000C\000o\000m\000p\000a\000r\000i\000s\000o\000n\000\040\000o\000f\000\040\000R\000e\000s\000u\000l\000t\000s\000\040\000\050\000P\000a\000r\000t\000\040\0002\000\051}{subsection.4.2}% 17
\BOOKMARK [2][-]{subsection.4.3}{\376\377\000P\000a\000r\000t\000\040\0003\000:\000\040\000D\000i\000o\000d\000e\000-\000C\000o\000n\000n\000e\000c\000t\000e\000d\000\040\000R\000e\000s\000u\000l\000t\000s}{section.4}% 18
\BOOKMARK [3][-]{subsubsection.4.3.1}{\376\377\000H\000a\000n\000d\000\040\000C\000a\000l\000c\000u\000l\000a\000t\000i\000o\000n\000s}{subsection.4.3}% 19
\BOOKMARK [3][-]{subsubsection.4.3.2}{\376\377\000S\000i\000m\000u\000l\000a\000t\000i\000o\000n\000\040\000R\000e\000s\000u\000l\000t\000s}{subsection.4.3}% 20
\BOOKMARK [3][-]{subsubsection.4.3.3}{\376\377\000M\000e\000a\000s\000u\000r\000e\000m\000e\000n\000t\000\040\000D\000a\000t\000a}{subsection.4.3}% 21
\BOOKMARK [3][-]{subsubsection.4.3.4}{\376\377\000C\000o\000m\000p\000a\000r\000i\000s\000o\000n\000\040\000o\000f\000\040\000R\000e\000s\000u\000l\000t\000s\000\040\000\050\000P\000a\000r\000t\000\040\0003\000\051}{subsection.4.3}% 22
\BOOKMARK [2][-]{subsection.4.4}{\376\377\000D\000i\000s\000c\000u\000s\000s\000i\000o\000n}{section.4}% 23
\BOOKMARK [2][-]{subsection.4.5}{\376\377\000C\000o\000n\000c\000l\000u\000s\000i\000o\000n}{section.4}% 24
\BOOKMARK [1][-]{section.5}{\376\377\000B\000i\000b\000l\000i\000o\000g\000r\000a\000p\000h\000y}{}% 25
